
2025-07-02T09:28:18.589Z - 🚀 APPOINTMENT APPROVAL ROUTE CALLED!
Appointment ID: 6864fb9e570b34f966b614fd
User ID: 68628e5655158188e4bab80c
User Email: admin@pulsemate.com
2025-07-02T09:28:18.967Z - APPOINTMENT UPDATED: chatEnabled=true, sessionEndTime=Wed Jul 02 2025 10:58:18 GMT+0100 (West Africa Standard Time)
2025-07-02T09:28:19.114Z - REACTIVATING EXISTING CHAT
Chat ID: 6863b1e8f5a0b4eb647ce8b0
Previous status: true
2025-07-02T09:28:19.436Z - CHAT REACTIVATED SUCCESSFULLY, chatRoomId=6863b1e8f5a0b4eb647ce8b0

2025-07-02T11:07:48.705Z - 🚀 APPOINTMENT APPROVAL ROUTE CALLED!
Appointment ID: 686512eb6b9d157777ddad82
User ID: 68628e5655158188e4bab80c
User Email: admin@pulsemate.com
2025-07-02T11:07:49.044Z - APPOINTMENT UPDATED: chatEnabled=true, sessionEndTime=Wed Jul 02 2025 12:37:48 GMT+0100 (West Africa Standard Time)
2025-07-02T11:07:49.200Z - REACTIVATING EXISTING CHAT
Chat ID: 6863b1e8f5a0b4eb647ce8b0
Previous status: true
2025-07-02T11:07:49.550Z - CHAT REACTIVATED SUCCESSFULLY, chatRoomId=6863b1e8f5a0b4eb647ce8b0

2025-07-03T13:28:07.901Z - 🚀 APPOINTMENT APPROVAL ROUTE CALLED!
Appointment ID: 68668471eaf20f96401f7c61
User ID: 68628e5655158188e4bab80c
User Email: admin@pulsemate.com
2025-07-03T13:28:08.656Z - APPOINTMENT UPDATED: chatEnabled=true, sessionEndTime=Thu Jul 03 2025 14:58:08 GMT+0100 (West Africa Standard Time)
2025-07-03T13:28:08.846Z - REACTIVATING EXISTING CHAT
Chat ID: 6863b1e8f5a0b4eb647ce8b0
Previous status: true
2025-07-03T13:28:09.263Z - CHAT REACTIVATED SUCCESSFULLY, chatRoomId=6863b1e8f5a0b4eb647ce8b0

2025-07-03T15:50:53.811Z - 🚀 APPOINTMENT APPROVAL ROUTE CALLED!
Appointment ID: 6866a6d4c9e6ef0e5186d9c9
User ID: 68628e5655158188e4bab80c
User Email: admin@pulsemate.com
2025-07-03T15:50:54.251Z - APPOINTMENT UPDATED: chatEnabled=true, sessionEndTime=null
2025-07-03T15:50:54.408Z - LINKING EXISTING CHAT
Chat ID: 6863b1e8f5a0b4eb647ce8b0
Previous status: true
2025-07-03T15:50:54.763Z - CHAT LINKED SUCCESSFULLY, chatRoomId=6863b1e8f5a0b4eb647ce8b0

2025-07-03T16:38:46.319Z - 🚀 APPOINTMENT APPROVAL ROUTE CALLED!
Appointment ID: 6866b20840a4298c86bebfbb
User ID: 68628e5655158188e4bab80c
User Email: admin@pulsemate.com
2025-07-03T16:38:46.984Z - APPOINTMENT UPDATED: chatEnabled=true, sessionEndTime=null
2025-07-03T16:38:47.155Z - LINKING EXISTING CHAT
Chat ID: 6863b1e8f5a0b4eb647ce8b0
Previous status: false
2025-07-03T16:38:47.509Z - CHAT LINKED SUCCESSFULLY, chatRoomId=6863b1e8f5a0b4eb647ce8b0

2025-07-10T12:37:10.798Z - 🚀 APPOINTMENT APPROVAL ROUTE CALLED!
Appointment ID: 686e42ccaa1b9865cc09e80a
User ID: 68628e5655158188e4bab80c
User Email: admin@pulsemate.com
2025-07-10T12:37:11.134Z - APPOINTMENT UPDATED: chatEnabled=true, sessionEndTime=null
2025-07-10T12:37:11.296Z - LINKING EXISTING CHAT
Chat ID: 6863b1e8f5a0b4eb647ce8b0
Previous status: false
2025-07-10T12:37:11.627Z - CHAT LINKED SUCCESSFULLY, chatRoomId=6863b1e8f5a0b4eb647ce8b0

2025-07-16T08:45:34.111Z - 🚀 APPOINTMENT APPROVAL ROUTE CALLED!
Appointment ID: 6877666bc8143d0cd2bde38e
User ID: 68628e5655158188e4bab80c
User Email: admin@pulsemate.com
2025-07-16T08:45:34.645Z - APPOINTMENT UPDATED: chatEnabled=true, sessionEndTime=null
2025-07-16T08:45:34.867Z - LINKING EXISTING CHAT
Chat ID: 6876254dc113e868f0e30a87
Previous status: false
2025-07-16T08:45:35.309Z - CHAT LINKED SUCCESSFULLY, chatRoomId=6876254dc113e868f0e30a87

2025-07-16T16:14:46.496Z - 🚀 APPOINTMENT APPROVAL ROUTE CALLED!
Appointment ID: 6877cb8717510356791445c1
User ID: 68628e5655158188e4bab80c
User Email: admin@pulsemate.com
2025-07-16T16:14:47.160Z - APPOINTMENT UPDATED: chatEnabled=true, sessionEndTime=null
2025-07-16T16:14:47.325Z - LINKING EXISTING CHAT
Chat ID: 6876254dc113e868f0e30a87
Previous status: false
2025-07-16T16:14:47.642Z - CHAT LINKED SUCCESSFULLY, chatRoomId=6876254dc113e868f0e30a87

2025-07-17T10:22:53.862Z - 🚀 APPOINTMENT APPROVAL ROUTE CALLED!
Appointment ID: 6878c9db1751035679147305
User ID: 68628e5655158188e4bab80c
User Email: admin@pulsemate.com
2025-07-17T10:22:54.391Z - APPOINTMENT UPDATED: chatEnabled=true, sessionEndTime=null
2025-07-17T10:22:54.699Z - LINKING EXISTING CHAT
Chat ID: 6876254dc113e868f0e30a87
Previous status: false
2025-07-17T10:22:55.311Z - CHAT LINKED SUCCESSFULLY, chatRoomId=6876254dc113e868f0e30a87

2025-07-17T12:57:14.143Z - 🚀 APPOINTMENT APPROVAL ROUTE CALLED!
Appointment ID: 6878db1b1751035679148b9c
User ID: 68628e5655158188e4bab80c
User Email: admin@pulsemate.com
2025-07-17T12:57:14.505Z - APPOINTMENT UPDATED: chatEnabled=true, sessionEndTime=null
2025-07-17T12:57:14.679Z - LINKING EXISTING CHAT
Chat ID: 6876254dc113e868f0e30a87
Previous status: false
2025-07-17T12:57:15.062Z - CHAT LINKED SUCCESSFULLY, chatRoomId=6876254dc113e868f0e30a87

2025-07-17T14:51:30.459Z - 🚀 APPOINTMENT APPROVAL ROUTE CALLED!
Appointment ID: 68790de384c076804e870481
User ID: 68628e5655158188e4bab80c
User Email: admin@pulsemate.com
2025-07-17T14:51:30.809Z - APPOINTMENT UPDATED: chatEnabled=true, sessionEndTime=null
2025-07-17T14:51:30.970Z - CREATING NEW CHAT
2025-07-17T14:51:31.348Z - NEW CHAT CREATED: 68790df284c076804e8704a9

2025-07-19T17:00:32.975Z - 🚀 APPOINTMENT APPROVAL ROUTE CALLED!
Appointment ID: 687bcf1fa1c63517160c49a4
User ID: 68628e5655158188e4bab80c
User Email: admin@pulsemate.com
2025-07-19T17:00:33.534Z - APPOINTMENT UPDATED: chatEnabled=true, sessionEndTime=null
2025-07-19T17:00:33.863Z - LINKING EXISTING CHAT
Chat ID: 6876254dc113e868f0e30a87
Previous status: false
2025-07-19T17:00:34.212Z - CHAT LINKED SUCCESSFULLY, chatRoomId=6876254dc113e868f0e30a87

2025-07-19T17:11:51.209Z - 🚀 APPOINTMENT APPROVAL ROUTE CALLED!
Appointment ID: 687bd191a1c63517160c5576
User ID: 68628e5655158188e4bab80c
User Email: admin@pulsemate.com
2025-07-19T17:11:51.933Z - APPOINTMENT UPDATED: chatEnabled=true, sessionEndTime=null
2025-07-19T17:11:52.133Z - LINKING EXISTING CHAT
Chat ID: 6876254dc113e868f0e30a87
Previous status: false
2025-07-19T17:11:52.664Z - CHAT LINKED SUCCESSFULLY, chatRoomId=6876254dc113e868f0e30a87

2025-07-19T17:25:21.631Z - 🚀 APPOINTMENT APPROVAL ROUTE CALLED!
Appointment ID: 687bd4eba1c63517160c5db8
User ID: 68628e5655158188e4bab80c
User Email: admin@pulsemate.com
2025-07-19T17:25:21.977Z - APPOINTMENT UPDATED: chatEnabled=true, sessionEndTime=null
2025-07-19T17:25:22.157Z - LINKING EXISTING CHAT
Chat ID: 6863b1e8f5a0b4eb647ce8b0
Previous status: false
2025-07-19T17:25:22.533Z - CHAT LINKED SUCCESSFULLY, chatRoomId=6863b1e8f5a0b4eb647ce8b0

2025-07-19T22:28:25.933Z - 🚀 APPOINTMENT APPROVAL ROUTE CALLED!
Appointment ID: 687c12e8b2cf3985146e5473
User ID: 68628e5655158188e4bab80c
User Email: admin@pulsemate.com
2025-07-19T22:28:26.470Z - APPOINTMENT UPDATED: chatEnabled=true, sessionEndTime=null
2025-07-19T22:28:26.803Z - LINKING EXISTING CHAT
Chat ID: 6863b1e8f5a0b4eb647ce8b0
Previous status: false
2025-07-19T22:28:28.223Z - CHAT LINKED SUCCESSFULLY, chatRoomId=6863b1e8f5a0b4eb647ce8b0

2025-07-21T10:00:20.168Z - 🚀 APPOINTMENT APPROVAL ROUTE CALLED!
Appointment ID: 687e0f341bce0f5104cf6716
User ID: 68628e5655158188e4bab80c
User Email: admin@pulsemate.com
2025-07-21T10:00:20.613Z - APPOINTMENT UPDATED: chatEnabled=true, sessionEndTime=null
2025-07-21T10:00:20.867Z - CREATING NEW CHAT
2025-07-21T10:00:21.330Z - NEW CHAT CREATED: 687e0fb41bce0f5104cf69eb

2025-07-21T13:59:07.303Z - 🚀 APPOINTMENT APPROVAL ROUTE CALLED!
Appointment ID: 687e46823793a03d5fc78363
User ID: 68628e5655158188e4bab80c
User Email: admin@pulsemate.com
2025-07-21T13:59:07.709Z - APPOINTMENT UPDATED: chatEnabled=true, sessionEndTime=null
2025-07-21T13:59:07.876Z - CREATING NEW CHAT
2025-07-21T13:59:08.230Z - NEW CHAT CREATED: 687e47ab3793a03d5fc783f6
